Removed Pin From Net: NetName=GND_pow Pin=D1-2
Removed Pin From Net: NetName=GND Pin=D1-7
Removed Pin From Net: NetName=is_chardger Pin=D1-8
Removed Pin From Net: NetName=GND Pin=D2-2
Removed Pin From Net: NetName=NetD1_1 Pin=R2-1
Removed Pin From Net: NetName=NetD2_1 Pin=R8-2
Added Pin To Net: NetName=GND Pin=D1-2
Added Pin To Net: NetName=GND_pow Pin=D2-2
Added Pin To Net: NetName=GND Pin=D2-7
Added Pin To Net: NetName=is_chardger Pin=D2-8
Added Pin To Net: NetName=NetD2_1 Pin=R2-1
Added Pin To Net: NetName=NetD1_1 Pin=R8-2
Added Pin To Net: NetName=NetD1_7 Pin=D1-7
Added Pin To Net: NetName=NetD1_7 Pin=R12-1
Added Net: Name=NetD1_7
Added Pin To Net: NetName=NetD1_8 Pin=D1-8
Added Pin To Net: NetName=NetD1_8 Pin=R9-1
Added Pin To Net: NetName=NetD1_8 Pin=R11-1
Added Net: Name=NetD1_8
Added Member To Class: ClassName=uart_key Member=Component XP7 Зарядное устройство на руле
